Compiling the C compiler identification source file "CMakeCCompilerId.c" failed.
Compiler: C:/Program Files (x86)/Microsoft Visual Studio 12.0/VC/bin/cl.exe 
Build flags: 
Id flags:  

The output was:
2
用于 x86 的 Microsoft (R) C/C++ 优化编译器 18.00.21005.1 版版权所有(C) Microsoft Corporation。  保留所有权利。

CMakeCCompilerId.c
Microsoft (R) Incremental Linker Version 12.00.21005.1
Copyright (C) Microsoft Corporation.  All rights reserved.

/out:CMakeCCompilerId.exe 
CMakeCCompilerId.obj 
LINK : fatal error LNK1104: 无法打开文件“LIBCMT.lib”


Compiling the CXX compiler identification source file "CMakeCXXCompilerId.cpp" failed.
Compiler: C:/Program Files (x86)/Microsoft Visual Studio 12.0/VC/bin/cl.exe 
Build flags: 
Id flags:  

The output was:
2
用于 x86 的 Microsoft (R) C/C++ 优化编译器 18.00.21005.1 版版权所有(C) Microsoft Corporation。  保留所有权利。

CMakeCXXCompilerId.cpp
Microsoft (R) Incremental Linker Version 12.00.21005.1
Copyright (C) Microsoft Corporation.  All rights reserved.

/out:CMakeCXXCompilerId.exe 
CMakeCXXCompilerId.obj 
LINK : fatal error LNK1104: 无法打开文件“LIBCMT.lib”


Determining if the C compiler works failed with the following output:
Change Dir: F:/my_hznu/大二下学期/算法/github/investment/cmake-build-debug/CMakeFiles/CMakeTmp

Run Build Command(s):nmake /nologo cmTC_3a52e\fast && 	"C:\Program Files (x86)\Microsoft Visual Studio 12.0\VC\BIN\nmake.exe"  -f CMakeFiles\cmTC_3a52e.dir\build.make /nologo -L                  CMakeFiles\cmTC_3a52e.dir\build
Building C object CMakeFiles/cmTC_3a52e.dir/testCCompiler.c.obj
	C:\PROGRA~2\MICROS~4.0\VC\bin\cl.exe @C:\Users\ZHB\AppData\Local\Temp\nm7E74.tmp
testCCompiler.c
Linking C executable cmTC_3a52e.exe
	"C:\Program Files\JetBrains\CLion 2020.2.4\bin\cmake\win\bin\cmake.exe" -E vs_link_exe --intdir=CMakeFiles\cmTC_3a52e.dir --rc=C:\PROGRA~2\WI3CF2~1\8.1\bin\x86\rc.exe --mt=C:\PROGRA~2\WI3CF2~1\8.1\bin\x86\mt.exe --manifests  -- C:\PROGRA~2\MICROS~4.0\VC\bin\link.exe /nologo @CMakeFiles\cmTC_3a52e.dir\objects1.rsp @C:\Users\ZHB\AppData\Local\Temp\nm824C.tmp
LINK Pass 1: command "C:\PROGRA~2\MICROS~4.0\VC\bin\link.exe /nologo @CMakeFiles\cmTC_3a52e.dir\objects1.rsp /out:cmTC_3a52e.exe /implib:cmTC_3a52e.lib /pdb:F:\my_hznu\????????\??\github\investment\cmake-build-debug\CMakeFiles\CMakeTmp\cmTC_3a52e.pdb /version:0.0 /machine:X86 /debug /INCREMENTAL /subsystem:console kernel32.lib user32.lib gdi32.lib winspool.lib shell32.lib ole32.lib oleaut32.lib uuid.lib comdlg32.lib advapi32.lib /MANIFEST /MANIFESTFILE:CMakeFiles\cmTC_3a52e.dir/intermediate.manifest CMakeFiles\cmTC_3a52e.dir/manifest.res" failed (exit code 1104) with the following output:
LINK : fatal error LNK1104: 无法打开文件“MSVCRTD.lib”
NMAKE : fatal error U1077: “"C:\Program Files\JetBrains\CLion 2020.2.4\bin\cmake\win\bin\cmake.exe"”: 返回代码“0xffffffff”
Stop.
NMAKE : fatal error U1077: “"C:\Program Files (x86)\Microsoft Visual Studio 12.0\VC\BIN\nmake.exe"”: 返回代码“0x2”
Stop.



